<?xml version="1.0" encoding="UTF-8"?>
<!-- Generated by org.testng.reporters.JUnitReportReporter -->
<testsuite skipped="0" hostname="LAPTOP-I3TQ1GIR" name="com.chiselon.colourclassifieds.pages.Delete_adv" tests="1" failures="0" timestamp="08 Mar 2018 05:12:25 GMT" time="49.919" errors="0">
  <testcase name="deleteAdv" time="49.919" classname="com.chiselon.colourclassifieds.pages.Delete_adv"/>
</testsuite> <!-- com.chiselon.colourclassifieds.pages.Delete_adv -->
