<?xml version="1.0" encoding="UTF-8"?>
<!-- Generated by org.testng.reporters.JUnitReportReporter -->
<testsuite skipped="0" hostname="LAPTOP-I3TQ1GIR" name="com.chiselon.colourclassifieds.pages.RegistrationPage" tests="1" failures="0" timestamp="16 Feb 2018 11:34:12 GMT" time="12.137" errors="0">
  <testcase name="registration" time="12.137" classname="com.chiselon.colourclassifieds.pages.RegistrationPage"/>
</testsuite> <!-- com.chiselon.colourclassifieds.pages.RegistrationPage -->
