<?xml version="1.0" encoding="UTF-8"?>
<!-- Generated by org.testng.reporters.JUnitReportReporter -->
<testsuite hostname="LAPTOP-I3TQ1GIR" name="com.chiselon.colourclassifieds.pages.Demo1" tests="1" failures="0" timestamp="14 Feb 2018 06:42:47 GMT" time="9.363" errors="0">
  <testcase name="main1" time="9.363" classname="com.chiselon.colourclassifieds.pages.Demo1"/>
</testsuite> <!-- com.chiselon.colourclassifieds.pages.Demo1 -->
