<?xml version="1.0" encoding="UTF-8"?>
<!-- Generated by org.testng.reporters.JUnitReportReporter -->
<testsuite skipped="0" hostname="LAPTOP-I3TQ1GIR" name="com.chiselon.colourclassifieds.pages.MyFavorites_adv" tests="1" failures="0" timestamp="12 Mar 2018 05:16:10 GMT" time="30.087" errors="0">
  <testcase name="myFavorites_adv" time="30.087" classname="com.chiselon.colourclassifieds.pages.MyFavorites_adv"/>
</testsuite> <!-- com.chiselon.colourclassifieds.pages.MyFavorites_adv -->
