<?xml version="1.0" encoding="UTF-8"?>
<!-- Generated by org.testng.reporters.JUnitReportReporter -->
<testsuite skipped="0" hostname="LAPTOP-I3TQ1GIR" name="com.chiselon.colourclassifieds.pages.Post_adv" tests="1" failures="0" timestamp="08 Mar 2018 05:10:35 GMT" time="61.827" errors="0">
  <testcase name="post_adv" time="61.827" classname="com.chiselon.colourclassifieds.pages.Post_adv"/>
</testsuite> <!-- com.chiselon.colourclassifieds.pages.Post_adv -->
