<?xml version="1.0" encoding="UTF-8"?>
<!-- Generated by org.testng.reporters.JUnitReportReporter -->
<testsuite skipped="0" hostname="INDIA-PC" name="com.chiselon.colourclassifieds.uiTest.ColourClassifiedsTest" tests="2" failures="0" timestamp="21 Mar 2018 08:01:41 GMT" time="5.437" errors="0">
  <testcase name="colourClassifiedsRegistration" time="4.354" classname="com.chiselon.colourclassifieds.uiTest.ColourClassifiedsTest"/>
  <testcase name="latestadssize" time="1.083" classname="com.chiselon.colourclassifieds.uiTest.ColourClassifiedsTest"/>
</testsuite> <!-- com.chiselon.colourclassifieds.uiTest.ColourClassifiedsTest -->
