<?xml version="1.0" encoding="UTF-8"?>
<!-- Generated by org.testng.reporters.JUnitReportReporter -->
<testsuite hostname="LAPTOP-I3TQ1GIR" name="com.chiselon.colourclassifieds.utilites.demo" tests="1" failures="0" timestamp="12 Feb 2018 05:46:43 GMT" time="25.627" errors="0">
  <testcase name="main1" time="25.627" classname="com.chiselon.colourclassifieds.utilites.demo"/>
</testsuite> <!-- com.chiselon.colourclassifieds.utilites.demo -->
